<?xml version="1.0" encoding="UTF-8"?>
<testng-results total="1" passed="1" failed="0" skipped="0">
  <reporter-output>
  </reporter-output>
  <suite started-at="2022-03-04T02:27:39Z" name="Default suite" finished-at="2022-03-04T02:28:33Z" duration-ms="53733">
    <groups>
    </groups>
    <test started-at="2022-03-04T02:27:39Z" name="Default test" finished-at="2022-03-04T02:28:33Z" duration-ms="53733">
      <class name="testScenarios.TC1_SearchValidation">
        <test-method is-config="true" signature="goToURL()[pri:0, instance:testScenarios.TC1_SearchValidation@3a7442c7]" started-at="2022-03-03T20:27:39Z" name="goToURL" finished-at="2022-03-03T20:27:43Z" duration-ms="3779" status="PASS">
          <reporter-output>
          </reporter-output>
        </test-method> <!-- goToURL -->
        <test-method signature="searchValidation()[pri:0, instance:testScenarios.TC1_SearchValidation@3a7442c7]" started-at="2022-03-03T20:27:43Z" name="searchValidation" finished-at="2022-03-03T20:28:32Z" duration-ms="49236" status="PASS">
          <reporter-output>
          </reporter-output>
        </test-method> <!-- searchValidation -->
        <test-method is-config="true" signature="tearDown()[pri:0, instance:testScenarios.TC1_SearchValidation@3a7442c7]" started-at="2022-03-03T20:28:32Z" name="tearDown" finished-at="2022-03-03T20:28:33Z" duration-ms="709" status="PASS">
          <reporter-output>
          </reporter-output>
        </test-method> <!-- tearDown -->
      </class> <!-- testScenarios.TC1_SearchValidation -->
    </test> <!-- Default test -->
  </suite> <!-- Default suite -->
</testng-results>
